\BOOKMARK [1][-]{section.1}{\376\377\133\236\232\214\166\356\166\204}{}% 1
\BOOKMARK [1][-]{section.2}{\376\377\170\024\172\166\145\271\154\325}{}% 2
\BOOKMARK [2][-]{subsection.2.1}{\376\377\000W\000o\000r\000d\0002\000v\000e\000c\116\016\000N\000L\000P}{section.2}% 3
\BOOKMARK [2][-]{subsection.2.2}{\376\377\000W\000o\000r\000d\0002\000V\000e\000c\213\315\135\114\121\145\152\041\127\213}{section.2}% 4
\BOOKMARK [2][-]{subsection.2.3}{\376\377\213\315\213\355\141\017\116\111\210\150\171\072\174\173\127\213}{section.2}% 5
\BOOKMARK [3][-]{subsubsection.2.3.1}{\376\377\213\315\121\170}{subsection.2.3}% 6
\BOOKMARK [3][-]{subsubsection.2.3.2}{\376\377\162\354\160\355\177\026\170\001}{subsection.2.3}% 7
\BOOKMARK [3][-]{subsubsection.2.3.3}{\376\377\167\351\226\065\122\006\211\343}{subsection.2.3}% 8
\BOOKMARK [3][-]{subsubsection.2.3.4}{\376\377\213\355\116\111\122\006\136\003\210\150\171\072\000\050\000d\000i\000s\000t\000r\000i\000b\000u\000t\000e\000d\000\040\000r\000e\000p\000r\000e\000s\000e\000n\000t\000a\000t\000i\000o\000n\000\051}{subsection.2.3}% 9
\BOOKMARK [2][-]{subsection.2.4}{\376\377\000t\000-\000S\000N\000E}{section.2}% 10
\BOOKMARK [3][-]{subsubsection.2.4.1}{\376\377\000S\000N\000E}{subsection.2.4}% 11
\BOOKMARK [3][-]{subsubsection.2.4.2}{\376\377\000t\000-\000S\000N\000E}{subsection.2.4}% 12
\BOOKMARK [1][-]{section.3}{\376\377\145\160\143\156\150\074\137\017}{}% 13
\BOOKMARK [2][-]{subsection.3.1}{\376\377\145\160\143\156\123\312\217\223\121\145\217\223\121\372}{section.3}% 14
\BOOKMARK [1][-]{section.4}{\376\377\116\343\170\001\217\320\210\114}{}% 15
\BOOKMARK [2][-]{subsection.4.1}{\376\377\123\005\166\204\117\177\165\050}{section.4}% 16
\BOOKMARK [2][-]{subsection.4.2}{\376\377\142\245\225\031\123\312\211\343\121\263}{section.4}% 17
\BOOKMARK [1][-]{section.5}{\376\377\133\236\232\214\176\323\147\234}{}% 18
\BOOKMARK [2][-]{subsection.5.1}{\376\377\217\320\210\114\145\366\225\364}{section.5}% 19
\BOOKMARK [2][-]{subsection.5.2}{\376\377\176\323\147\234\133\371\153\324}{section.5}% 20
\BOOKMARK [3][-]{subsubsection.5.2.1}{\376\377\000S\000k\000i\000p\000-\000g\000r\000a\000m}{subsection.5.2}% 21
\BOOKMARK [3][-]{subsubsection.5.2.2}{\376\377\000B\000i\000o\000-\000B\000E\000R\000T}{subsection.5.2}% 22
\BOOKMARK [1][-]{section.6}{\376\377\000g\000i\000t\000h\000u\000b\224\376\143\245}{}% 23
\BOOKMARK [1][-]{section.7}{\376\377\226\104\137\125}{}% 24
\BOOKMARK [1][-]{section.8}{\376\377\123\302\200\003\224\376\143\245}{}% 25
